[debug] [2024-11-26T15:59:38.601Z] ----------------------------------------------------------------------
[debug] [2024-11-26T15:59:38.604Z] Command:       C:\Program Files\nodejs\node.exe C:\Users\ramas\AppData\Roaming\npm\node_modules\firebase-tools\lib\bin\firebase.js deploy
[debug] [2024-11-26T15:59:38.604Z] CLI Version:   13.27.0
[debug] [2024-11-26T15:59:38.605Z] Platform:      win32
[debug] [2024-11-26T15:59:38.605Z] Node Version:  v18.19.0
[debug] [2024-11-26T15:59:38.607Z] Time:          Tue Nov 26 2024 21:29:38 GMT+0530 (India Standard Time)
[debug] [2024-11-26T15:59:38.607Z] ----------------------------------------------------------------------
[debug] 
[debug] [2024-11-26T15:59:38.720Z] > command requires scopes: ["email","openid","https://www.googleapis.com/auth/cloudplatformprojects.readonly","https://www.googleapis.com/auth/firebase","https://www.googleapis.com/auth/cloud-platform"]
[debug] [2024-11-26T15:59:38.720Z] > authorizing via signed-in user (ramasamy.k1002@gmail.com)
[debug] [2024-11-26T15:59:38.721Z] [iam] checking project netplay-ott for permissions ["firebase.projects.get","firebasehosting.sites.update"]
[debug] [2024-11-26T15:59:38.723Z] Checked if tokens are valid: false, expires at: 1699684069101
[debug] [2024-11-26T15:59:38.723Z] Checked if tokens are valid: false, expires at: 1699684069101
[debug] [2024-11-26T15:59:38.724Z] > refreshing access token with scopes: []
[debug] [2024-11-26T15:59:38.726Z] >>> [apiv2][query] POST https://www.googleapis.com/oauth2/v3/token [none]
[debug] [2024-11-26T15:59:38.726Z] >>> [apiv2][body] POST https://www.googleapis.com/oauth2/v3/token [omitted]
[debug] [2024-11-26T15:59:39.147Z] <<< [apiv2][status] POST https://www.googleapis.com/oauth2/v3/token 400
[debug] [2024-11-26T15:59:39.148Z] <<< [apiv2][body] POST https://www.googleapis.com/oauth2/v3/token [omitted]
[debug] [2024-11-26T15:59:39.148Z] >>> [apiv2][query] POST https://cloudresourcemanager.googleapis.com/v1/projects/netplay-ott:testIamPermissions [none]
[debug] [2024-11-26T15:59:39.148Z] >>> [apiv2][(partial)header] POST https://cloudresourcemanager.googleapis.com/v1/projects/netplay-ott:testIamPermissions x-goog-quota-user=projects/netplay-ott
[debug] [2024-11-26T15:59:39.149Z] >>> [apiv2][body] POST https://cloudresourcemanager.googleapis.com/v1/projects/netplay-ott:testIamPermissions {"permissions":["firebase.projects.get","firebasehosting.sites.update"]}
[debug] [2024-11-26T15:59:40.675Z] <<< [apiv2][status] POST https://cloudresourcemanager.googleapis.com/v1/projects/netplay-ott:testIamPermissions 401
[debug] [2024-11-26T15:59:40.676Z] <<< [apiv2][body] POST https://cloudresourcemanager.googleapis.com/v1/projects/netplay-ott:testIamPermissions {"error":{"code":401,"message":"Request had invalid authentication credentials. Expected OAuth 2 access token, login cookie or other valid authentication credential. See https://developers.google.com/identity/sign-in/web/devconsole-project.","status":"UNAUTHENTICATED","details":[{"@type":"type.googleapis.com/google.rpc.ErrorInfo","reason":"ACCESS_TOKEN_TYPE_UNSUPPORTED","metadata":{"method":"google.cloudresourcemanager.v1.Projects.TestIamPermissions","service":"cloudresourcemanager.googleapis.com"}}]}}
[debug] [2024-11-26T15:59:40.676Z] Got a 401 Unauthenticated error for a call that required authentication. Refreshing tokens.
[debug] [2024-11-26T15:59:40.676Z] Checked if tokens are valid: false, expires at: 1699684069101
[debug] [2024-11-26T15:59:40.676Z] Checked if tokens are valid: false, expires at: 1699684069101
[debug] [2024-11-26T15:59:40.676Z] > refreshing access token with scopes: []
[debug] [2024-11-26T15:59:40.677Z] >>> [apiv2][query] POST https://www.googleapis.com/oauth2/v3/token [none]
[debug] [2024-11-26T15:59:40.677Z] >>> [apiv2][body] POST https://www.googleapis.com/oauth2/v3/token [omitted]
[debug] [2024-11-26T15:59:40.980Z] <<< [apiv2][status] POST https://www.googleapis.com/oauth2/v3/token 400
[debug] [2024-11-26T15:59:40.980Z] <<< [apiv2][body] POST https://www.googleapis.com/oauth2/v3/token [omitted]
[debug] [2024-11-26T15:59:40.981Z] [iam] error while checking permissions, command may fail: Request to https://cloudresourcemanager.googleapis.com/v1/projects/netplay-ott:testIamPermissions had HTTP Error: 401, Request had invalid authentication credentials. Expected OAuth 2 access token, login cookie or other valid authentication credential. See https://developers.google.com/identity/sign-in/web/devconsole-project.
[debug] [2024-11-26T15:59:40.982Z] Checked if tokens are valid: false, expires at: 1699684069101
[debug] [2024-11-26T15:59:40.982Z] Checked if tokens are valid: false, expires at: 1699684069101
[debug] [2024-11-26T15:59:40.982Z] > refreshing access token with scopes: []
[debug] [2024-11-26T15:59:40.983Z] >>> [apiv2][query] POST https://www.googleapis.com/oauth2/v3/token [none]
[debug] [2024-11-26T15:59:40.983Z] >>> [apiv2][body] POST https://www.googleapis.com/oauth2/v3/token [omitted]
[debug] [2024-11-26T15:59:41.354Z] <<< [apiv2][status] POST https://www.googleapis.com/oauth2/v3/token 400
[debug] [2024-11-26T15:59:41.354Z] <<< [apiv2][body] POST https://www.googleapis.com/oauth2/v3/token [omitted]
[debug] [2024-11-26T15:59:41.355Z] >>> [apiv2][query] GET https://firebase.googleapis.com/v1beta1/projects/netplay-ott [none]
[debug] [2024-11-26T15:59:41.789Z] <<< [apiv2][status] GET https://firebase.googleapis.com/v1beta1/projects/netplay-ott 401
[debug] [2024-11-26T15:59:41.789Z] <<< [apiv2][body] GET https://firebase.googleapis.com/v1beta1/projects/netplay-ott {"error":{"code":401,"message":"Request had invalid authentication credentials. Expected OAuth 2 access token, login cookie or other valid authentication credential. See https://developers.google.com/identity/sign-in/web/devconsole-project.","status":"UNAUTHENTICATED"}}
[debug] [2024-11-26T15:59:41.789Z] Got a 401 Unauthenticated error for a call that required authentication. Refreshing tokens.
[debug] [2024-11-26T15:59:41.789Z] Checked if tokens are valid: false, expires at: 1699684069101
[debug] [2024-11-26T15:59:41.789Z] Checked if tokens are valid: false, expires at: 1699684069101
[debug] [2024-11-26T15:59:41.789Z] > refreshing access token with scopes: []
[debug] [2024-11-26T15:59:41.789Z] >>> [apiv2][query] POST https://www.googleapis.com/oauth2/v3/token [none]
[debug] [2024-11-26T15:59:41.789Z] >>> [apiv2][body] POST https://www.googleapis.com/oauth2/v3/token [omitted]
[debug] [2024-11-26T15:59:42.209Z] <<< [apiv2][status] POST https://www.googleapis.com/oauth2/v3/token 400
[debug] [2024-11-26T15:59:42.210Z] <<< [apiv2][body] POST https://www.googleapis.com/oauth2/v3/token [omitted]
[debug] [2024-11-26T15:59:42.210Z] Request to https://firebase.googleapis.com/v1beta1/projects/netplay-ott had HTTP Error: 401, Request had invalid authentication credentials. Expected OAuth 2 access token, login cookie or other valid authentication credential. See https://developers.google.com/identity/sign-in/web/devconsole-project.
[error] 
[error] Error: Assertion failed: resolving hosting target of a site with no site name or target name. This should have caused an error earlier
[debug] [2024-11-26T16:01:33.454Z] ----------------------------------------------------------------------
[debug] [2024-11-26T16:01:33.458Z] Command:       C:\Program Files\nodejs\node.exe C:\Users\ramas\AppData\Roaming\npm\node_modules\firebase-tools\lib\bin\firebase.js deploy
[debug] [2024-11-26T16:01:33.459Z] CLI Version:   13.27.0
[debug] [2024-11-26T16:01:33.459Z] Platform:      win32
[debug] [2024-11-26T16:01:33.459Z] Node Version:  v18.19.0
[debug] [2024-11-26T16:01:33.461Z] Time:          Tue Nov 26 2024 21:31:33 GMT+0530 (India Standard Time)
[debug] [2024-11-26T16:01:33.461Z] ----------------------------------------------------------------------
[debug] 
[debug] [2024-11-26T16:01:33.573Z] > command requires scopes: ["email","openid","https://www.googleapis.com/auth/cloudplatformprojects.readonly","https://www.googleapis.com/auth/firebase","https://www.googleapis.com/auth/cloud-platform"]
[debug] [2024-11-26T16:01:33.573Z] > authorizing via signed-in user (ramasamy.k1002@gmail.com)
[debug] [2024-11-26T16:01:33.574Z] [iam] checking project netplay-ott for permissions ["firebase.projects.get","firebasehosting.sites.update"]
[debug] [2024-11-26T16:01:33.576Z] Checked if tokens are valid: false, expires at: 1699684069101
[debug] [2024-11-26T16:01:33.576Z] Checked if tokens are valid: false, expires at: 1699684069101
[debug] [2024-11-26T16:01:33.577Z] > refreshing access token with scopes: []
[debug] [2024-11-26T16:01:33.579Z] >>> [apiv2][query] POST https://www.googleapis.com/oauth2/v3/token [none]
[debug] [2024-11-26T16:01:33.580Z] >>> [apiv2][body] POST https://www.googleapis.com/oauth2/v3/token [omitted]
[debug] [2024-11-26T16:01:34.137Z] <<< [apiv2][status] POST https://www.googleapis.com/oauth2/v3/token 400
[debug] [2024-11-26T16:01:34.138Z] <<< [apiv2][body] POST https://www.googleapis.com/oauth2/v3/token [omitted]
[debug] [2024-11-26T16:01:34.138Z] >>> [apiv2][query] POST https://cloudresourcemanager.googleapis.com/v1/projects/netplay-ott:testIamPermissions [none]
[debug] [2024-11-26T16:01:34.138Z] >>> [apiv2][(partial)header] POST https://cloudresourcemanager.googleapis.com/v1/projects/netplay-ott:testIamPermissions x-goog-quota-user=projects/netplay-ott
[debug] [2024-11-26T16:01:34.138Z] >>> [apiv2][body] POST https://cloudresourcemanager.googleapis.com/v1/projects/netplay-ott:testIamPermissions {"permissions":["firebase.projects.get","firebasehosting.sites.update"]}
[debug] [2024-11-26T16:01:35.872Z] <<< [apiv2][status] POST https://cloudresourcemanager.googleapis.com/v1/projects/netplay-ott:testIamPermissions 401
[debug] [2024-11-26T16:01:35.872Z] <<< [apiv2][body] POST https://cloudresourcemanager.googleapis.com/v1/projects/netplay-ott:testIamPermissions {"error":{"code":401,"message":"Request had invalid authentication credentials. Expected OAuth 2 access token, login cookie or other valid authentication credential. See https://developers.google.com/identity/sign-in/web/devconsole-project.","status":"UNAUTHENTICATED","details":[{"@type":"type.googleapis.com/google.rpc.ErrorInfo","reason":"ACCESS_TOKEN_TYPE_UNSUPPORTED","metadata":{"method":"google.cloudresourcemanager.v1.Projects.TestIamPermissions","service":"cloudresourcemanager.googleapis.com"}}]}}
[debug] [2024-11-26T16:01:35.872Z] Got a 401 Unauthenticated error for a call that required authentication. Refreshing tokens.
[debug] [2024-11-26T16:01:35.873Z] Checked if tokens are valid: false, expires at: 1699684069101
[debug] [2024-11-26T16:01:35.873Z] Checked if tokens are valid: false, expires at: 1699684069101
[debug] [2024-11-26T16:01:35.873Z] > refreshing access token with scopes: []
[debug] [2024-11-26T16:01:35.873Z] >>> [apiv2][query] POST https://www.googleapis.com/oauth2/v3/token [none]
[debug] [2024-11-26T16:01:35.873Z] >>> [apiv2][body] POST https://www.googleapis.com/oauth2/v3/token [omitted]
[debug] [2024-11-26T16:01:36.276Z] <<< [apiv2][status] POST https://www.googleapis.com/oauth2/v3/token 400
[debug] [2024-11-26T16:01:36.276Z] <<< [apiv2][body] POST https://www.googleapis.com/oauth2/v3/token [omitted]
[debug] [2024-11-26T16:01:36.278Z] [iam] error while checking permissions, command may fail: Request to https://cloudresourcemanager.googleapis.com/v1/projects/netplay-ott:testIamPermissions had HTTP Error: 401, Request had invalid authentication credentials. Expected OAuth 2 access token, login cookie or other valid authentication credential. See https://developers.google.com/identity/sign-in/web/devconsole-project.
[debug] [2024-11-26T16:01:36.279Z] Checked if tokens are valid: false, expires at: 1699684069101
[debug] [2024-11-26T16:01:36.279Z] Checked if tokens are valid: false, expires at: 1699684069101
[debug] [2024-11-26T16:01:36.279Z] > refreshing access token with scopes: []
[debug] [2024-11-26T16:01:36.280Z] >>> [apiv2][query] POST https://www.googleapis.com/oauth2/v3/token [none]
[debug] [2024-11-26T16:01:36.280Z] >>> [apiv2][body] POST https://www.googleapis.com/oauth2/v3/token [omitted]
[debug] [2024-11-26T16:01:36.690Z] <<< [apiv2][status] POST https://www.googleapis.com/oauth2/v3/token 400
[debug] [2024-11-26T16:01:36.690Z] <<< [apiv2][body] POST https://www.googleapis.com/oauth2/v3/token [omitted]
[debug] [2024-11-26T16:01:36.691Z] >>> [apiv2][query] GET https://firebase.googleapis.com/v1beta1/projects/netplay-ott [none]
[debug] [2024-11-26T16:01:37.305Z] <<< [apiv2][status] GET https://firebase.googleapis.com/v1beta1/projects/netplay-ott 401
[debug] [2024-11-26T16:01:37.306Z] <<< [apiv2][body] GET https://firebase.googleapis.com/v1beta1/projects/netplay-ott {"error":{"code":401,"message":"Request had invalid authentication credentials. Expected OAuth 2 access token, login cookie or other valid authentication credential. See https://developers.google.com/identity/sign-in/web/devconsole-project.","status":"UNAUTHENTICATED"}}
[debug] [2024-11-26T16:01:37.306Z] firebase logout
.
[debug] [2024-11-26T16:01:37.306Z] Checked if tokens are valid: false, expires at: 1699684069101
[debug] [2024-11-26T16:01:37.306Z] Checked if tokens are valid: false, expires at: 1699684069101
[debug] [2024-11-26T16:01:37.306Z] > refreshing access token with scopes: []
[debug] [2024-11-26T16:01:37.306Z] >>> [apiv2][query] POST https://www.googleapis.com/oauth2/v3/token [none]
[debug] [2024-11-26T16:01:37.306Z] >>> [apiv2][body] POST https://www.googleapis.com/oauth2/v3/token [omitted]
[debug] [2024-11-26T16:01:37.612Z] <<< [apiv2][status] POST https://www.googleapis.com/oauth2/v3/token 400
[debug] [2024-11-26T16:01:37.612Z] <<< [apiv2][body] POST https://www.googleapis.com/oauth2/v3/token [omitted]
[debug] [2024-11-26T16:01:37.613Z] Request to https://firebase.googleapis.com/v1beta1/projects/netplay-ott had HTTP Error: 401, Request had invalid authentication credentials. Expected OAuth 2 access token, login cookie or other valid authentication credential. See https://developers.google.com/identity/sign-in/web/devconsole-project.
[error] 
[error] Error: Assertion failed: resolving hosting target of a site with no site name or target name. This should have caused an error earlier
[debug] [2024-11-26T16:03:50.995Z] ----------------------------------------------------------------------
[debug] [2024-11-26T16:03:50.999Z] Command:       C:\Program Files\nodejs\node.exe C:\Users\ramas\AppData\Roaming\npm\node_modules\firebase-tools\lib\bin\firebase.js projects:list
[debug] [2024-11-26T16:03:51.000Z] CLI Version:   13.27.0
[debug] [2024-11-26T16:03:51.000Z] Platform:      win32
[debug] [2024-11-26T16:03:51.000Z] Node Version:  v18.19.0
[debug] [2024-11-26T16:03:51.002Z] Time:          Tue Nov 26 2024 21:33:51 GMT+0530 (India Standard Time)
[debug] [2024-11-26T16:03:51.002Z] ----------------------------------------------------------------------
[debug] 
[debug] [2024-11-26T16:03:51.119Z] > command requires scopes: ["email","openid","https://www.googleapis.com/auth/cloudplatformprojects.readonly","https://www.googleapis.com/auth/firebase","https://www.googleapis.com/auth/cloud-platform"]
[debug] [2024-11-26T16:03:51.120Z] > authorizing via signed-in user (ramasamy.k1002@gmail.com)
[debug] [2024-11-26T16:03:51.127Z] Checked if tokens are valid: false, expires at: 1699684069101
[debug] [2024-11-26T16:03:51.128Z] Checked if tokens are valid: false, expires at: 1699684069101
[debug] [2024-11-26T16:03:51.128Z] > refreshing access token with scopes: []
[debug] [2024-11-26T16:03:51.131Z] >>> [apiv2][query] POST https://www.googleapis.com/oauth2/v3/token [none]
[debug] [2024-11-26T16:03:51.131Z] >>> [apiv2][body] POST https://www.googleapis.com/oauth2/v3/token [omitted]
[debug] [2024-11-26T16:03:51.765Z] <<< [apiv2][status] POST https://www.googleapis.com/oauth2/v3/token 400
[debug] [2024-11-26T16:03:51.765Z] <<< [apiv2][body] POST https://www.googleapis.com/oauth2/v3/token [omitted]
[debug] [2024-11-26T16:03:51.767Z] >>> [apiv2][query] GET https://firebase.googleapis.com/v1beta1/projects pageSize=1000
[debug] [2024-11-26T16:03:52.169Z] <<< [apiv2][status] GET https://firebase.googleapis.com/v1beta1/projects 401
[debug] [2024-11-26T16:03:52.169Z] <<< [apiv2][body] GET https://firebase.googleapis.com/v1beta1/projects [omitted]
[debug] [2024-11-26T16:03:52.169Z] Got a 401 Unauthenticated error for a call that required authentication. Refreshing tokens.
[debug] [2024-11-26T16:03:52.170Z] Checked if tokens are valid: false, expires at: 1699684069101
[debug] [2024-11-26T16:03:52.170Z] Checked if tokens are valid: false, expires at: 1699684069101
[debug] [2024-11-26T16:03:52.170Z] > refreshing access token with scopes: []
[debug] [2024-11-26T16:03:52.170Z] >>> [apiv2][query] POST https://www.googleapis.com/oauth2/v3/token [none]
[debug] [2024-11-26T16:03:52.171Z] >>> [apiv2][body] POST https://www.googleapis.com/oauth2/v3/token [omitted]
[debug] [2024-11-26T16:03:52.478Z] <<< [apiv2][status] POST https://www.googleapis.com/oauth2/v3/token 400
[debug] [2024-11-26T16:03:52.478Z] <<< [apiv2][body] POST https://www.googleapis.com/oauth2/v3/token [omitted]
[debug] [2024-11-26T16:03:52.480Z] Request to https://firebase.googleapis.com/v1beta1/projects?pageSize=1000 had HTTP Error: 401, Request had invalid authentication credentials. Expected OAuth 2 access token, login cookie or other valid authentication credential. See https://developers.google.com/identity/sign-in/web/devconsole-project.
[debug] [2024-11-26T16:03:52.483Z] FirebaseError: Request to https://firebase.googleapis.com/v1beta1/projects?pageSize=1000 had HTTP Error: 401, Request had invalid authentication credentials. Expected OAuth 2 access token, login cookie or other valid authentication credential. See https://developers.google.com/identity/sign-in/web/devconsole-project.
    at responseToError (C:\Users\ramas\AppData\Roaming\npm\node_modules\firebase-tools\lib\responseToError.js:52:12)
    at RetryOperation._fn (C:\Users\ramas\AppData\Roaming\npm\node_modules\firebase-tools\lib\apiv2.js:312:77)
    at process.processTicksAndRejections (node:internal/process/task_queues:95:5)
[error] 
[error] Error: Failed to list Firebase projects. See firebase-debug.log for more info.
